<?xml version="1.0" encoding="UTF-8"?>
<!-- Generated by org.testng.reporters.JUnitXMLReporter -->
<testsuite ignored="0" hostname="DESKTOP-NA5E20B" failures="0" tests="4" name="Test" time="2.318" errors="0" timestamp="15 Jul 2022 10:47:42 GMT">
  <testcase classname="Assignment1.NewTest" name="requestComments" time="2.106"/>
  <testcase classname="Assignment1.NewTest" name="requestFriendsList" time="0.08"/>
  <testcase classname="Assignment1.NewTest" name="requestPost_checkStatusCode" time="0.035"/>
  <testcase classname="Assignment1.NewTest" name="requestProfiles" time="0.046"/>
</testsuite> <!-- Test -->
